<?xml version="1.0" encoding="UTF-8"?>
<!-- Generated by org.testng.reporters.JUnitReportReporter -->
<testsuite name="SmallPrograms.kirantest5" tests="1" time="0.019" ignored="0" failures="0" timestamp="30 Sep 2019 08:07:15 GMT" skipped="0" hostname="User-PC" errors="0">
  <testcase name="main" time="0.019" classname="SmallPrograms.kirantest5"/>
</testsuite> <!-- SmallPrograms.kirantest5 -->
