<?xml version="1.0" encoding="UTF-8"?>
<!-- Generated by org.testng.reporters.JUnitReportReporter -->
<testsuite skipped="0" hostname="User-PC" name="SmallPrograms.RobotClass$NewRobotClass3" tests="1" failures="0" timestamp="24 Jun 2019 09:40:42 GMT" time="0.002" errors="0">
  <testcase name="main2" time="0.002" classname="SmallPrograms.RobotClass$NewRobotClass3"/>
</testsuite> <!-- SmallPrograms.RobotClass$NewRobotClass3 -->
