<?xml version="1.0" encoding="UTF-8"?>
<!-- Generated by org.testng.reporters.JUnitReportReporter -->
<testsuite name="SmallPrograms.kirantest2" tests="1" time="1.355" ignored="0" failures="0" timestamp="29 Aug 2019 14:30:07 GMT" skipped="0" hostname="User-PC" errors="0">
  <testcase name="test" time="1.355" classname="SmallPrograms.kirantest2"/>
</testsuite> <!-- SmallPrograms.kirantest2 -->
