<?xml version="1.0" encoding="UTF-8"?>
<!-- Generated by org.testng.reporters.JUnitReportReporter -->
<testsuite name="SmallPrograms.kirantest" tests="1" time="8.846" ignored="0" failures="0" timestamp="16 Sep 2019 05:30:04 GMT" skipped="0" hostname="User-PC" errors="0">
  <testcase name="testJsonParsing" time="8.846" classname="SmallPrograms.kirantest"/>
</testsuite> <!-- SmallPrograms.kirantest -->
