<?xml version="1.0" encoding="UTF-8"?>
<!-- Generated by org.testng.reporters.JUnitReportReporter -->
<testsuite name="SmallPrograms.GetSystemTime" tests="1" time="0.039" ignored="0" failures="0" timestamp="17 Oct 2019 07:15:59 GMT" skipped="0" hostname="User-PC" errors="0">
  <testcase name="getSystemTime" time="0.039" classname="SmallPrograms.GetSystemTime"/>
</testsuite> <!-- SmallPrograms.GetSystemTime -->
