<?xml version="1.0" encoding="UTF-8"?>
<!-- Generated by org.testng.reporters.JUnitReportReporter -->
<testsuite name="SmallPrograms.ActionClass" tests="1" time="35.851" ignored="0" failures="0" timestamp="16 Oct 2019 06:48:39 GMT" skipped="0" hostname="User-PC" errors="0">
  <testcase name="psvm" time="35.851" classname="SmallPrograms.ActionClass"/>
</testsuite> <!-- SmallPrograms.ActionClass -->
