<?xml version="1.0" encoding="UTF-8"?>
<!-- Generated by org.testng.reporters.JUnitReportReporter -->
<testsuite skipped="0" hostname="User-PC" name="SmallPrograms.RobotClass$NewRobotClass" tests="1" failures="0" timestamp="02 May 2019 07:23:37 GMT" time="0.015" errors="0">
  <testcase name="main2" time="0.015" classname="SmallPrograms.RobotClass$NewRobotClass"/>
</testsuite> <!-- SmallPrograms.RobotClass$NewRobotClass -->
