<?xml version="1.0" encoding="UTF-8"?>
<!-- Generated by org.testng.reporters.JUnitReportReporter -->
<testsuite name="SmallPrograms.kirantest3" tests="2" time="0.021" ignored="0" failures="0" timestamp="17 Sep 2019 09:24:42 GMT" skipped="0" hostname="User-PC" errors="0">
  <testcase name="abc" time="0.016" classname="SmallPrograms.kirantest3"/>
  <testcase name="xyz" time="0.005" classname="SmallPrograms.kirantest3"/>
</testsuite> <!-- SmallPrograms.kirantest3 -->
