<?xml version="1.0" encoding="UTF-8"?>
<!-- Generated by org.testng.reporters.JUnitReportReporter -->
<testsuite skipped="0" hostname="User-PC" name="SmallPrograms.TestInterfaceImplementClass" tests="2" failures="0" timestamp="21 Apr 2019 09:22:49 GMT" time="0.027" errors="0">
  <testcase name="testTwo" time="0.005" classname="SmallPrograms.TestInterfaceImplementClass"/>
  <testcase name="testOne" time="0.022" classname="SmallPrograms.TestInterfaceImplementClass"/>
</testsuite> <!-- SmallPrograms.TestInterfaceImplementClass -->
